c:\users\zhimin\desktop\framework\boomblox\release\vc120.pdb
c:\users\zhimin\desktop\framework\boomblox\release\worldloader.obj
c:\users\zhimin\desktop\framework\boomblox\release\world.obj
c:\users\zhimin\desktop\framework\boomblox\release\tests.obj
c:\users\zhimin\desktop\framework\boomblox\release\sphere.obj
c:\users\zhimin\desktop\framework\boomblox\release\rigidbody.obj
c:\users\zhimin\desktop\framework\boomblox\release\material.obj
c:\users\zhimin\desktop\framework\boomblox\release\intersection.obj
c:\users\zhimin\desktop\framework\boomblox\release\ground.obj
c:\users\zhimin\desktop\framework\boomblox\release\boomblox.obj
c:\users\zhimin\desktop\framework\boomblox\release\benchmark.obj
c:\users\zhimin\desktop\framework\boomblox\release\box.obj
c:\users\zhimin\desktop\framework\release\boomblox.exe
c:\users\zhimin\desktop\framework\release\boomblox.pdb
c:\users\zhimin\desktop\framework\boomblox\release\boomblox.tlog\cl.command.1.tlog
c:\users\zhimin\desktop\framework\boomblox\release\boomblox.tlog\cl.read.1.tlog
c:\users\zhimin\desktop\framework\boomblox\release\boomblox.tlog\cl.write.1.tlog
c:\users\zhimin\desktop\framework\boomblox\release\boomblox.tlog\link.command.1.tlog
c:\users\zhimin\desktop\framework\boomblox\release\boomblox.tlog\link.read.1.tlog
c:\users\zhimin\desktop\framework\boomblox\release\boomblox.tlog\link.write.1.tlog
