c:\users\zhimin\desktop\framework\tinyxml\release_stl\tinyxmlstl.bsc
c:\users\zhimin\desktop\framework\tinyxml\release_stl\vc120.pdb
c:\users\zhimin\desktop\framework\tinyxml\release_stl\tinystr.sbr
c:\users\zhimin\desktop\framework\tinyxml\release_stl\tinyxml.sbr
c:\users\zhimin\desktop\framework\tinyxml\release_stl\tinyxmlerror.sbr
c:\users\zhimin\desktop\framework\tinyxml\release_stl\tinyxmlparser.sbr
c:\users\zhimin\desktop\framework\tinyxml\release_stl\tinyxmlparser.obj
c:\users\zhimin\desktop\framework\tinyxml\release_stl\tinyxmlerror.obj
c:\users\zhimin\desktop\framework\tinyxml\release_stl\tinyxml.obj
c:\users\zhimin\desktop\framework\tinyxml\release_stl\tinystr.obj
c:\users\zhimin\desktop\framework\tinyxml\release_stl\tinyxml_stl.lib
c:\users\zhimin\desktop\framework\tinyxml\release_stl\tinyxmlstl.tlog\bscmake.command.1.tlog
c:\users\zhimin\desktop\framework\tinyxml\release_stl\tinyxmlstl.tlog\bscmake.read.1.tlog
c:\users\zhimin\desktop\framework\tinyxml\release_stl\tinyxmlstl.tlog\bscmake.write.1.tlog
c:\users\zhimin\desktop\framework\tinyxml\release_stl\tinyxmlstl.tlog\cl.command.1.tlog
c:\users\zhimin\desktop\framework\tinyxml\release_stl\tinyxmlstl.tlog\cl.read.1.tlog
c:\users\zhimin\desktop\framework\tinyxml\release_stl\tinyxmlstl.tlog\cl.write.1.tlog
c:\users\zhimin\desktop\framework\tinyxml\release_stl\tinyxmlstl.tlog\lib-link.write.1.tlog
c:\users\zhimin\desktop\framework\tinyxml\release_stl\tinyxmlstl.tlog\lib.command.1.tlog
c:\users\zhimin\desktop\framework\tinyxml\release_stl\tinyxmlstl.tlog\lib.read.1.tlog
